<?xml version="1.0" encoding="UTF-8"?>
<testsuite name="com.ohgiraffers.bootproject.BootProjectApplicationTests" tests="1" skipped="0" failures="0" errors="0" timestamp="2024-04-04T00:15:07" hostname="ideubolas-MacBook-Air.local" time="0.42">
  <properties/>
  <testcase name="contextLoads()" classname="com.ohgiraffers.bootproject.BootProjectApplicationTests" time="0.42"/>
  <system-out><![CDATA[09:15:07.313 [Test worker] INFO org.springframework.test.context.support.AnnotationConfigContextLoaderUtils -- Could not detect default configuration classes for test class [com.ohgiraffers.bootproject.BootProjectApplicationTests]: BootProjectApplicationTests does not declare any static, non-private, non-final, nested classes annotated with @Configuration.
09:15:07.346 [Test worker] INFO org.springframework.boot.test.context.SpringBootTestContextBootstrapper -- Found @SpringBootConfiguration com.ohgiraffers.bootproject.BootProjectApplication for test class com.ohgiraffers.bootproject.BootProjectApplicationTests

  .   ____          _            __ _ _
 /\\ / ___'_ __ _ _(_)_ __  __ _ \ \ \ \
( ( )\___ | '_ | '_| | '_ \/ _` | \ \ \ \
 \\/  ___)| |_)| | | | | || (_| |  ) ) ) )
  '  |____| .__|_| |_|_| |_\__, | / / / /
 =========|_|==============|___/=/_/_/_/
?[32m :: Spring Boot :: ?[39m              ?[2m (v3.2.4)?[0;39m

?[2m2024-04-04T09:15:07.562+09:00?[0;39m ?[32m INFO?[0;39m ?[35m34841?[0;39m ?[2m---?[0;39m ?[2m[    Test worker]?[0;39m ?[2m?[0;39m?[36mc.o.b.BootProjectApplicationTests       ?[0;39m ?[2m:?[0;39m Starting BootProjectApplicationTests using Java 22 with PID 34841 (started by ideubola in /Users/ideubola/Desktop/Study/BEYOND-SW-CAMP/14_devops/bootProject)
?[2m2024-04-04T09:15:07.563+09:00?[0;39m ?[32m INFO?[0;39m ?[35m34841?[0;39m ?[2m---?[0;39m ?[2m[    Test worker]?[0;39m ?[2m?[0;39m?[36mc.o.b.BootProjectApplicationTests       ?[0;39m ?[2m:?[0;39m No active profile set, falling back to 1 default profile: "default"
?[2m2024-04-04T09:15:07.916+09:00?[0;39m ?[32m INFO?[0;39m ?[35m34841?[0;39m ?[2m---?[0;39m ?[2m[    Test worker]?[0;39m ?[2m?[0;39m?[36mc.o.b.BootProjectApplicationTests       ?[0;39m ?[2m:?[0;39m Started BootProjectApplicationTests in 0.524 seconds (process running for 0.947)
]]></system-out>
  <system-err><![CDATA[WARNING: A Java agent has been loaded dynamically (/Users/ideubola/.gradle/caches/modules-2/files-2.1/net.bytebuddy/byte-buddy-agent/1.14.12/be4984cb6fd1ef1d11f218a648889dfda44b8a15/byte-buddy-agent-1.14.12.jar)
WARNING: If a serviceability tool is in use, please run with -XX:+EnableDynamicAgentLoading to hide this warning
WARNING: If a serviceability tool is not in use, please run with -Djdk.instrument.traceUsage for more information
WARNING: Dynamic loading of agents will be disallowed by default in a future release
]]></system-err>
</testsuite>
